# JRE version: Java(TM) SE Runtime Environment (12.0.2+10) (build 12.0.2+10)
# Java VM: Java HotSpot(TM) 64-Bit Server VM (12.0.2+10, mixed mode, sharing, tiered, compressed oops, g1 gc, windows-amd64)
Heap:
 garbage-first heap   total 194560K, used 10009K [0x0000000742200000, 0x0000000800000000)
  region size 1024K, 3 young (3072K), 3 survivors (3072K)
 Metaspace       used 15649K, capacity 16153K, committed 16384K, reserved 1064960K
  class space    used 2110K, capacity 2291K, committed 2304K, reserved 1048576K
GC Heap History (10 events):
Event: 2.030 GC heap before
{Heap before GC invocations=0 (full 0):
 garbage-first heap   total 194560K, used 14336K [0x0000000742200000, 0x0000000800000000)
  region size 1024K, 14 young (14336K), 0 survivors (0K)
 Metaspace       used 5306K, capacity 5710K, committed 5888K, reserved 1056768K
  class space    used 650K, capacity 741K, committed 768K, reserved 1048576K
}
Event: 2.038 GC heap after
{Heap after GC invocations=1 (full 0):
 garbage-first heap   total 194560K, used 7014K [0x0000000742200000, 0x0000000800000000)
  region size 1024K, 2 young (2048K), 2 survivors (2048K)
 Metaspace       used 5306K, capacity 5710K, committed 5888K, reserved 1056768K
  class space    used 650K, capacity 741K, committed 768K, reserved 1048576K
}
Event: 2.194 GC heap before
{Heap before GC invocations=1 (full 0):
 garbage-first heap   total 194560K, used 14182K [0x0000000742200000, 0x0000000800000000)
  region size 1024K, 9 young (9216K), 2 survivors (2048K)
 Metaspace       used 6348K, capacity 6732K, committed 6784K, reserved 1056768K
  class space    used 771K, capacity 886K, committed 896K, reserved 1048576K
}
Event: 2.197 GC heap after
{Heap after GC invocations=2 (full 0):
 garbage-first heap   total 194560K, used 7592K [0x0000000742200000, 0x0000000800000000)
  region size 1024K, 1 young (1024K), 1 survivors (1024K)
 Metaspace       used 6348K, capacity 6732K, committed 6784K, reserved 1056768K
  class space    used 771K, capacity 886K, committed 896K, reserved 1048576K
}
Event: 2.231 GC heap before
{Heap before GC invocations=2 (full 0):
 garbage-first heap   total 194560K, used 29096K [0x0000000742200000, 0x0000000800000000)
  region size 1024K, 23 young (23552K), 1 survivors (1024K)
 Metaspace       used 6348K, capacity 6732K, committed 6784K, reserved 1056768K
  class space    used 771K, capacity 886K, committed 896K, reserved 1048576K
}
Event: 2.232 GC heap after
{Heap after GC invocations=3 (full 0):
 garbage-first heap   total 194560K, used 7667K [0x0000000742200000, 0x0000000800000000)
  region size 1024K, 1 young (1024K), 1 survivors (1024K)
 Metaspace       used 6348K, capacity 6732K, committed 6784K, reserved 1056768K
  class space    used 771K, capacity 886K, committed 896K, reserved 1048576K
}
Event: 2.604 GC heap before
{Heap before GC invocations=3 (full 0):
 garbage-first heap   total 194560K, used 48627K [0x0000000742200000, 0x0000000800000000)
  region size 1024K, 42 young (43008K), 1 survivors (1024K)
 Metaspace       used 10301K, capacity 10762K, committed 10880K, reserved 1058816K
  class space    used 1427K, capacity 1572K, committed 1664K, reserved 1048576K
}
Event: 2.609 GC heap after
{Heap after GC invocations=4 (full 0):
 garbage-first heap   total 194560K, used 8856K [0x0000000742200000, 0x0000000800000000)
  region size 1024K, 2 young (2048K), 2 survivors (2048K)
 Metaspace       used 10301K, capacity 10762K, committed 10880K, reserved 1058816K
  class space    used 1427K, capacity 1572K, committed 1664K, reserved 1048576K
}
Event: 3.009 GC heap before
{Heap before GC invocations=4 (full 0):
 garbage-first heap   total 194560K, used 37528K [0x0000000742200000, 0x0000000800000000)
  region size 1024K, 31 young (31744K), 2 survivors (2048K)
 Metaspace       used 15649K, capacity 16153K, committed 16384K, reserved 1064960K
  class space    used 2110K, capacity 2291K, committed 2304K, reserved 1048576K
}
Event: 3.014 GC heap after
{Heap after GC invocations=5 (full 0):
 garbage-first heap   total 194560K, used 10009K [0x0000000742200000, 0x0000000800000000)
  region size 1024K, 3 young (3072K), 3 survivors (3072K)
 Metaspace       used 15649K, capacity 16153K, committed 16384K, reserved 1064960K
  class space    used 2110K, capacity 2291K, committed 2304K, reserved 1048576K
}

